2026-06-01 11:55:25 [INFO] === Site Tools started ===
2026-06-01 11:55:26 [INFO] Qt: 

GL Type: desktop
Surface Type: OpenGL
Surface Profile: CompatibilityProfile
Surface Version: 4.2
QSG RHI Backend: OpenGL
Using Supported QSG Backend: yes
Using Software Dynamic GL: no
Using Multithreaded OpenGL: yes

Init Parameters:
  *  application-name app.py 
  *  browser-subprocess-path /usr/lib/qt6/libexec/QtWebEngineProcess 
  *  create-default-gl-context  
  *  disable-features ConsolidatedMovementXY,InstalledApp,BackgroundFetch,WebOTP,WebPayments,WebUSB,PictureInPicture 
  *  disable-setuid-sandbox  
  *  disable-speech-api  
  *  enable-features NetworkServiceInProcess,TracingServiceInProcess 
  *  enable-threaded-compositing  
  *  in-process-gpu  
  *  use-gl desktop 
 (line 0, None)
2026-06-01 11:55:27 [INFO] UI ready, entering event loop
